{
  "0 debug pnpm:scope": {
    "selected": 1
  },
  "1 debug pnpm:package-manifest": {
    "initial": {
      "name": "client",
      "version": "1.0.0",
      "description": "",
      "main": "index.js",
      "scripts": {
        "test": "echo \"Error: no test specified\" && exit 1",
        "dev": "webpack serve --mode development",
        "build": "webpack"
      },
      "keywords": [],
      "author": "Jun Guo",
      "license": "ISC",
      "dependencies": {
        "@emotion/react": "^11.9.3",
        "@types/react": "^18.0.15",
        "@types/react-dom": "^18.0.6",
        "dotenv-webpack": "^7.1.0",
        "react": "^18.0.2",
        "react-dom": "^18.2.0",
        "typescript": "^4.7.4"
      },
      "devDependencies": {
        "@babel/core": "^7.17.0",
        "@babel/preset-env": "^7.16.11",
        "@babel/preset-react": "^7.16.7",
        "babel-loader": "^8.2.3",
        "css-loader": "^6.6.0",
        "esbuild-loader": "^2.19.0",
        "html-webpack-plugin": "^5.5.0",
        "style-loader": "^3.3.1",
        "ts-loader": "^9.2.6",
        "webpack": "^5.68.0",
        "webpack-cli": "^4.9.2",
        "webpack-dev-server": "^4.7.4"
      }
    },
    "prefix": "/Users/macbook/Code/gjuoun/state-management-playground/zustand"
  },
  "2 debug pnpm:context": {
    "currentLockfileExists": false,
    "storeDir": "/Users/macbook/Library/pnpm/store/v3",
    "virtualStoreDir": "/Users/macbook/Code/gjuoun/state-management-playground/zustand/node_modules/.pnpm"
  },
  "3 debug pnpm:stage": {
    "prefix": "/Users/macbook/Code/gjuoun/state-management-playground/zustand",
    "stage": "resolution_started"
  },
  "4 debug pnpm:_dependency_resolved": {
    "resolution": "registry.npmjs.org/@babel/core/7.18.6",
    "wanted": {
      "dependentId": ".",
      "name": "@babel/core",
      "rawSpec": "^7.17.0"
    }
  },
  "5 debug pnpm:_dependency_resolved": {
    "resolution": "registry.npmjs.org/@babel/preset-env/7.18.6",
    "wanted": {
      "dependentId": ".",
      "name": "@babel/preset-env",
      "rawSpec": "^7.16.11"
    }
  },
  "6 debug pnpm:_dependency_resolved": {
    "resolution": "registry.npmjs.org/@babel/preset-react/7.18.6",
    "wanted": {
      "dependentId": ".",
      "name": "@babel/preset-react",
      "rawSpec": "^7.16.7"
    }
  },
  "7 debug pnpm:_dependency_resolved": {
    "resolution": "registry.npmjs.org/babel-loader/8.2.5",
    "wanted": {
      "dependentId": ".",
      "name": "babel-loader",
      "rawSpec": "^8.2.3"
    }
  },
  "8 debug pnpm:_dependency_resolved": {
    "resolution": "registry.npmjs.org/css-loader/6.7.1",
    "wanted": {
      "dependentId": ".",
      "name": "css-loader",
      "rawSpec": "^6.6.0"
    }
  },
  "9 debug pnpm:_dependency_resolved": {
    "resolution": "registry.npmjs.org/esbuild-loader/2.19.0",
    "wanted": {
      "dependentId": ".",
      "name": "esbuild-loader",
      "rawSpec": "^2.19.0"
    }
  },
  "10 debug pnpm:_dependency_resolved": {
    "resolution": "registry.npmjs.org/html-webpack-plugin/5.5.0",
    "wanted": {
      "dependentId": ".",
      "name": "html-webpack-plugin",
      "rawSpec": "^5.5.0"
    }
  },
  "11 debug pnpm:_dependency_resolved": {
    "resolution": "registry.npmjs.org/style-loader/3.3.1",
    "wanted": {
      "dependentId": ".",
      "name": "style-loader",
      "rawSpec": "^3.3.1"
    }
  },
  "12 debug pnpm:_dependency_resolved": {
    "resolution": "registry.npmjs.org/ts-loader/9.3.1",
    "wanted": {
      "dependentId": ".",
      "name": "ts-loader",
      "rawSpec": "^9.2.6"
    }
  },
  "13 debug pnpm:_dependency_resolved": {
    "resolution": "registry.npmjs.org/webpack/5.73.0",
    "wanted": {
      "dependentId": ".",
      "name": "webpack",
      "rawSpec": "^5.68.0"
    }
  },
  "14 debug pnpm:_dependency_resolved": {
    "resolution": "registry.npmjs.org/webpack-cli/4.10.0",
    "wanted": {
      "dependentId": ".",
      "name": "webpack-cli",
      "rawSpec": "^4.9.2"
    }
  },
  "15 debug pnpm:_dependency_resolved": {
    "resolution": "registry.npmjs.org/webpack-dev-server/4.9.3",
    "wanted": {
      "dependentId": ".",
      "name": "webpack-dev-server",
      "rawSpec": "^4.7.4"
    }
  },
  "16 debug pnpm:_dependency_resolved": {
    "resolution": "registry.npmjs.org/@emotion/react/11.9.3",
    "wanted": {
      "dependentId": ".",
      "name": "@emotion/react",
      "rawSpec": "^11.9.3"
    }
  },
  "17 debug pnpm:_dependency_resolved": {
    "resolution": "registry.npmjs.org/@types/react/18.0.15",
    "wanted": {
      "dependentId": ".",
      "name": "@types/react",
      "rawSpec": "^18.0.15"
    }
  },
  "18 debug pnpm:_dependency_resolved": {
    "resolution": "registry.npmjs.org/@types/react-dom/18.0.6",
    "wanted": {
      "dependentId": ".",
      "name": "@types/react-dom",
      "rawSpec": "^18.0.6"
    }
  },
  "19 debug pnpm:_dependency_resolved": {
    "resolution": "registry.npmjs.org/dotenv-webpack/7.1.1",
    "wanted": {
      "dependentId": ".",
      "name": "dotenv-webpack",
      "rawSpec": "^7.1.0"
    }
  },
  "20 debug pnpm:_dependency_resolved": {
    "resolution": "registry.npmjs.org/react/18.2.0",
    "wanted": {
      "dependentId": ".",
      "name": "react",
      "rawSpec": "^18.0.2"
    }
  },
  "21 debug pnpm:_dependency_resolved": {
    "resolution": "registry.npmjs.org/react-dom/18.2.0",
    "wanted": {
      "dependentId": ".",
      "name": "react-dom",
      "rawSpec": "^18.2.0"
    }
  },
  "22 debug pnpm:_dependency_resolved": {
    "resolution": "registry.npmjs.org/typescript/4.7.4",
    "wanted": {
      "dependentId": ".",
      "name": "typescript",
      "rawSpec": "^4.7.4"
    }
  },
  "23 debug pnpm:progress": {
    "packageId": "registry.npmjs.org/@babel/preset-react/7.18.6",
    "requester": "/Users/macbook/Code/gjuoun/state-management-playground/zustand",
    "status": "found_in_store"
  },
  "24 debug pnpm:progress": {
    "packageId": "registry.npmjs.org/@babel/preset-react/7.18.6",
    "requester": "/Users/macbook/Code/gjuoun/state-management-playground/zustand",
    "status": "resolved"
  },
  "25 debug pnpm:progress": {
    "packageId": "registry.npmjs.org/@babel/core/7.18.6",
    "requester": "/Users/macbook/Code/gjuoun/state-management-playground/zustand",
    "status": "found_in_store"
  },
  "26 debug pnpm:progress": {
    "packageId": "registry.npmjs.org/@babel/core/7.18.6",
    "requester": "/Users/macbook/Code/gjuoun/state-management-playground/zustand",
    "status": "resolved"
  },
  "27 debug pnpm:progress": {
    "packageId": "registry.npmjs.org/babel-loader/8.2.5",
    "requester": "/Users/macbook/Code/gjuoun/state-management-playground/zustand",
    "status": "found_in_store"
  },
  "28 debug pnpm:progress": {
    "packageId": "registry.npmjs.org/babel-loader/8.2.5",
    "requester": "/Users/macbook/Code/gjuoun/state-management-playground/zustand",
    "status": "resolved"
  },
  "29 debug pnpm:progress": {
    "packageId": "registry.npmjs.org/css-loader/6.7.1",
    "requester": "/Users/macbook/Code/gjuoun/state-management-playground/zustand",
    "status": "found_in_store"
  },
  "30 debug pnpm:progress": {
    "packageId": "registry.npmjs.org/css-loader/6.7.1",
    "requester": "/Users/macbook/Code/gjuoun/state-management-playground/zustand",
    "status": "resolved"
  },
  "31 debug pnpm:progress": {
    "packageId": "registry.npmjs.org/html-webpack-plugin/5.5.0",
    "requester": "/Users/macbook/Code/gjuoun/state-management-playground/zustand",
    "status": "found_in_store"
  },
  "32 debug pnpm:progress": {
    "packageId": "registry.npmjs.org/html-webpack-plugin/5.5.0",
    "requester": "/Users/macbook/Code/gjuoun/state-management-playground/zustand",
    "status": "resolved"
  },
  "33 debug pnpm:progress": {
    "packageId": "registry.npmjs.org/esbuild-loader/2.19.0",
    "requester": "/Users/macbook/Code/gjuoun/state-management-playground/zustand",
    "status": "found_in_store"
  },
  "34 debug pnpm:progress": {
    "packageId": "registry.npmjs.org/esbuild-loader/2.19.0",
    "requester": "/Users/macbook/Code/gjuoun/state-management-playground/zustand",
    "status": "resolved"
  },
  "35 debug pnpm:progress": {
    "packageId": "registry.npmjs.org/@babel/preset-env/7.18.6",
    "requester": "/Users/macbook/Code/gjuoun/state-management-playground/zustand",
    "status": "found_in_store"
  },
  "36 debug pnpm:progress": {
    "packageId": "registry.npmjs.org/@babel/preset-env/7.18.6",
    "requester": "/Users/macbook/Code/gjuoun/state-management-playground/zustand",
    "status": "resolved"
  },
  "37 debug pnpm:progress": {
    "packageId": "registry.npmjs.org/webpack-dev-server/4.9.3",
    "requester": "/Users/macbook/Code/gjuoun/state-management-playground/zustand",
    "status": "found_in_store"
  },
  "38 debug pnpm:progress": {
    "packageId": "registry.npmjs.org/webpack-dev-server/4.9.3",
    "requester": "/Users/macbook/Code/gjuoun/state-management-playground/zustand",
    "status": "resolved"
  },
  "39 debug pnpm:progress": {
    "packageId": "registry.npmjs.org/style-loader/3.3.1",
    "requester": "/Users/macbook/Code/gjuoun/state-management-playground/zustand",
    "status": "found_in_store"
  },
  "40 debug pnpm:progress": {
    "packageId": "registry.npmjs.org/style-loader/3.3.1",
    "requester": "/Users/macbook/Code/gjuoun/state-management-playground/zustand",
    "status": "resolved"
  },
  "41 debug pnpm:progress": {
    "packageId": "registry.npmjs.org/webpack-cli/4.10.0",
    "requester": "/Users/macbook/Code/gjuoun/state-management-playground/zustand",
    "status": "found_in_store"
  },
  "42 debug pnpm:progress": {
    "packageId": "registry.npmjs.org/webpack-cli/4.10.0",
    "requester": "/Users/macbook/Code/gjuoun/state-management-playground/zustand",
    "status": "resolved"
  },
  "43 debug pnpm:progress": {
    "packageId": "registry.npmjs.org/@types/react-dom/18.0.6",
    "requester": "/Users/macbook/Code/gjuoun/state-management-playground/zustand",
    "status": "found_in_store"
  },
  "44 debug pnpm:progress": {
    "packageId": "registry.npmjs.org/@types/react-dom/18.0.6",
    "requester": "/Users/macbook/Code/gjuoun/state-management-playground/zustand",
    "status": "resolved"
  },
  "45 debug pnpm:progress": {
    "packageId": "registry.npmjs.org/ts-loader/9.3.1",
    "requester": "/Users/macbook/Code/gjuoun/state-management-playground/zustand",
    "status": "found_in_store"
  },
  "46 debug pnpm:progress": {
    "packageId": "registry.npmjs.org/ts-loader/9.3.1",
    "requester": "/Users/macbook/Code/gjuoun/state-management-playground/zustand",
    "status": "resolved"
  },
  "47 debug pnpm:progress": {
    "packageId": "registry.npmjs.org/dotenv-webpack/7.1.1",
    "requester": "/Users/macbook/Code/gjuoun/state-management-playground/zustand",
    "status": "found_in_store"
  },
  "48 debug pnpm:progress": {
    "packageId": "registry.npmjs.org/dotenv-webpack/7.1.1",
    "requester": "/Users/macbook/Code/gjuoun/state-management-playground/zustand",
    "status": "resolved"
  },
  "49 debug pnpm:progress": {
    "packageId": "registry.npmjs.org/webpack/5.73.0",
    "requester": "/Users/macbook/Code/gjuoun/state-management-playground/zustand",
    "status": "found_in_store"
  },
  "50 debug pnpm:progress": {
    "packageId": "registry.npmjs.org/webpack/5.73.0",
    "requester": "/Users/macbook/Code/gjuoun/state-management-playground/zustand",
    "status": "resolved"
  },
  "51 debug pnpm:progress": {
    "packageId": "registry.npmjs.org/react/18.2.0",
    "requester": "/Users/macbook/Code/gjuoun/state-management-playground/zustand",
    "status": "found_in_store"
  },
  "52 debug pnpm:progress": {
    "packageId": "registry.npmjs.org/react/18.2.0",
    "requester": "/Users/macbook/Code/gjuoun/state-management-playground/zustand",
    "status": "resolved"
  },
  "53 debug pnpm:progress": {
    "packageId": "registry.npmjs.org/@types/react/18.0.15",
    "requester": "/Users/macbook/Code/gjuoun/state-management-playground/zustand",
    "status": "found_in_store"
  },
  "54 debug pnpm:progress": {
    "packageId": "registry.npmjs.org/@types/react/18.0.15",
    "requester": "/Users/macbook/Code/gjuoun/state-management-playground/zustand",
    "status": "resolved"
  },
  "55 debug pnpm:progress": {
    "packageId": "registry.npmjs.org/@emotion/react/11.9.3",
    "requester": "/Users/macbook/Code/gjuoun/state-management-playground/zustand",
    "status": "found_in_store"
  },
  "56 debug pnpm:progress": {
    "packageId": "registry.npmjs.org/@emotion/react/11.9.3",
    "requester": "/Users/macbook/Code/gjuoun/state-management-playground/zustand",
    "status": "resolved"
  },
  "57 debug pnpm:progress": {
    "packageId": "registry.npmjs.org/typescript/4.7.4",
    "requester": "/Users/macbook/Code/gjuoun/state-management-playground/zustand",
    "status": "found_in_store"
  },
  "58 debug pnpm:progress": {
    "packageId": "registry.npmjs.org/typescript/4.7.4",
    "requester": "/Users/macbook/Code/gjuoun/state-management-playground/zustand",
    "status": "resolved"
  },
  "59 debug pnpm:progress": {
    "packageId": "registry.npmjs.org/react-dom/18.2.0",
    "requester": "/Users/macbook/Code/gjuoun/state-management-playground/zustand",
    "status": "found_in_store"
  },
  "60 debug pnpm:progress": {
    "packageId": "registry.npmjs.org/react-dom/18.2.0",
    "requester": "/Users/macbook/Code/gjuoun/state-management-playground/zustand",
    "status": "resolved"
  },
  "61 error pnpm": {
    "code": "ERR_PNPM_FETCH_404",
    "hint": "zustland is not in the npm registry, or you have no permission to fetch it.\n\nAn authorization header was used: Bearer npm_[hidden]",
    "request": {
      "authHeaderValue": "Bearer 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",
      "url": "https://registry.npmjs.org/zustland"
    },
    "response": {
      "size": 0
    },
    "pkgName": "zustland",
    "spec": {
      "fetchSpec": "latest",
      "name": "zustland",
      "type": "tag"
    },
    "pkgsStack": [],
    "err": {
      "name": "pnpm",
      "message": "GET https://registry.npmjs.org/zustland: Not Found - 404",
      "code": "ERR_PNPM_FETCH_404",
      "stack": "pnpm: GET https://registry.npmjs.org/zustland: Not Found - 404\n    at RetryOperation._fn (/Users/macbook/.nvm/versions/node/v16.14.0/lib/node_modules/pnpm/dist/pnpm.cjs:85627:19)\n    at processTicksAndRejections (node:internal/process/task_queues:96:5)"
    }
  }
}